{
  "stats": {
    "suites": 12,
    "tests": 36,
    "passes": 35,
    "pending": 0,
    "failures": 1,
    "start": "2026-04-26T11:24:19.545Z",
    "end": "2026-04-26T11:24:20.390Z",
    "duration": 845,
    "testsRegistered": 36,
    "passPercent": 97.22222222222221,
    "pendingPercent": 0,
    "other": 0,
    "hasOther": false,
    "skipped": 0,
    "hasSkipped": false
  },
  "results": [
    {
      "uuid": "01a30bf1-40bb-46b6-8bfc-4fded4a43bdc",
      "title": "",
      "fullFile": "",
      "file": "",
      "beforeHooks": [],
      "afterHooks": [],
      "tests": [],
      "suites": [
        {
          "uuid": "162ff6a1-da6c-4ca0-b53c-824dfa9a28ab",
          "title": "AC-01: Health Check Endpoint",
          "fullFile": "C:\\Users\\a\\OneDrive\\Desktop\\IT568__GENAI\\summarybot\\summarybot\\system_testing\\tests\\system.test.js",
          "file": "\\tests\\system.test.js",
          "beforeHooks": [],
          "afterHooks": [],
          "tests": [
            {
              "title": "should return 200 with ok:true",
              "fullTitle": "AC-01: Health Check Endpoint should return 200 with ok:true",
              "timedOut": false,
              "duration": 64,
              "state": "passed",
              "speed": "medium",
              "pass": true,
              "fail": false,
              "pending": false,
              "context": null,
              "code": "const res = await request.get(\"/api/health\");\nexpect(res.status).to.equal(200);\nexpect(res.body.ok).to.be.true;",
              "err": {},
              "uuid": "033e9c7b-706b-4839-869b-5fbaaa9afcde",
              "parentUUID": "162ff6a1-da6c-4ca0-b53c-824dfa9a28ab",
              "isHook": false,
              "skipped": false
            },
            {
              "title": "should include model name in health response",
              "fullTitle": "AC-01: Health Check Endpoint should include model name in health response",
              "timedOut": false,
              "duration": 9,
              "state": "passed",
              "speed": "fast",
              "pass": true,
              "fail": false,
              "pending": false,
              "context": null,
              "code": "const res = await request.get(\"/api/health\");\nexpect(res.body).to.have.property(\"model\");\nexpect(res.body.model).to.be.a(\"string\");",
              "err": {},
              "uuid": "b9ec971f-8cc5-4480-ba5b-4338e30eccfb",
              "parentUUID": "162ff6a1-da6c-4ca0-b53c-824dfa9a28ab",
              "isHook": false,
              "skipped": false
            },
            {
              "title": "should include db status in health response",
              "fullTitle": "AC-01: Health Check Endpoint should include db status in health response",
              "timedOut": false,
              "duration": 7,
              "state": "passed",
              "speed": "fast",
              "pass": true,
              "fail": false,
              "pending": false,
              "context": null,
              "code": "const res = await request.get(\"/api/health\");\nexpect(res.body).to.have.property(\"db\");",
              "err": {},
              "uuid": "f7423d6f-3001-4569-9c0e-f94c2b0f93d6",
              "parentUUID": "162ff6a1-da6c-4ca0-b53c-824dfa9a28ab",
              "isHook": false,
              "skipped": false
            }
          ],
          "suites": [],
          "passes": [
            "033e9c7b-706b-4839-869b-5fbaaa9afcde",
            "b9ec971f-8cc5-4480-ba5b-4338e30eccfb",
            "f7423d6f-3001-4569-9c0e-f94c2b0f93d6"
          ],
          "failures": [],
          "pending": [],
          "skipped": [],
          "duration": 80,
          "root": false,
          "rootEmpty": false,
          "_timeout": 15000
        },
        {
          "uuid": "a04a673a-13e7-4a52-b327-35d29dcd572d",
          "title": "AC-02: POST /api/session/create — Session Creation",
          "fullFile": "C:\\Users\\a\\OneDrive\\Desktop\\IT568__GENAI\\summarybot\\summarybot\\system_testing\\tests\\system.test.js",
          "file": "\\tests\\system.test.js",
          "beforeHooks": [],
          "afterHooks": [],
          "tests": [
            {
              "title": "should create a session and return a 6-char code",
              "fullTitle": "AC-02: POST /api/session/create — Session Creation should create a session and return a 6-char code",
              "timedOut": false,
              "duration": 29,
              "state": "passed",
              "speed": "fast",
              "pass": true,
              "fail": false,
              "pending": false,
              "context": null,
              "code": "const res = await createSession(\"Rohit\");\nexpect(res.status).to.equal(200);\nexpect(res.body).to.have.property(\"code\");\nexpect(res.body.code).to.have.lengthOf(6);",
              "err": {},
              "uuid": "edefa0aa-74df-422b-a9b2-163096bbe497",
              "parentUUID": "a04a673a-13e7-4a52-b327-35d29dcd572d",
              "isHook": false,
              "skipped": false
            },
            {
              "title": "should return the leader name in response",
              "fullTitle": "AC-02: POST /api/session/create — Session Creation should return the leader name in response",
              "timedOut": false,
              "duration": 9,
              "state": "passed",
              "speed": "fast",
              "pass": true,
              "fail": false,
              "pending": false,
              "context": null,
              "code": "const res = await createSession(\"Rohit\");\nexpect(res.body.leader).to.equal(\"Rohit\");",
              "err": {},
              "uuid": "7ecb3971-e34e-4c3a-a85b-8bd975854590",
              "parentUUID": "a04a673a-13e7-4a52-b327-35d29dcd572d",
              "isHook": false,
              "skipped": false
            },
            {
              "title": "should generate unique codes for multiple sessions",
              "fullTitle": "AC-02: POST /api/session/create — Session Creation should generate unique codes for multiple sessions",
              "timedOut": false,
              "duration": 16,
              "state": "passed",
              "speed": "fast",
              "pass": true,
              "fail": false,
              "pending": false,
              "context": null,
              "code": "const r1 = await createSession(\"Alice\");\nconst r2 = await createSession(\"Bob\");\nexpect(r1.body.code).to.not.equal(r2.body.code);",
              "err": {},
              "uuid": "db049cd7-c63f-406d-ae5a-c94b4304d61d",
              "parentUUID": "a04a673a-13e7-4a52-b327-35d29dcd572d",
              "isHook": false,
              "skipped": false
            },
            {
              "title": "should return 400 for username shorter than 2 chars",
              "fullTitle": "AC-02: POST /api/session/create — Session Creation should return 400 for username shorter than 2 chars",
              "timedOut": false,
              "duration": 8,
              "state": "passed",
              "speed": "fast",
              "pass": true,
              "fail": false,
              "pending": false,
              "context": null,
              "code": "const res = await request\n  .post(\"/api/session/create\")\n  .send({ username: \"A\" })\n  .set(\"Content-Type\", \"application/json\");\nexpect(res.status).to.equal(400);\nexpect(res.body).to.have.property(\"error\");",
              "err": {},
              "uuid": "28bd41af-daab-4b55-8fb8-515c1121e69c",
              "parentUUID": "a04a673a-13e7-4a52-b327-35d29dcd572d",
              "isHook": false,
              "skipped": false
            },
            {
              "title": "should return 400 for empty username",
              "fullTitle": "AC-02: POST /api/session/create — Session Creation should return 400 for empty username",
              "timedOut": false,
              "duration": 8,
              "state": "passed",
              "speed": "fast",
              "pass": true,
              "fail": false,
              "pending": false,
              "context": null,
              "code": "const res = await request\n  .post(\"/api/session/create\")\n  .send({ username: \"\" })\n  .set(\"Content-Type\", \"application/json\");\nexpect(res.status).to.equal(400);",
              "err": {},
              "uuid": "b5b568fc-42c4-4576-a3ef-8a89f1a5bb35",
              "parentUUID": "a04a673a-13e7-4a52-b327-35d29dcd572d",
              "isHook": false,
              "skipped": false
            },
            {
              "title": "should return 400 when username is missing entirely",
              "fullTitle": "AC-02: POST /api/session/create — Session Creation should return 400 when username is missing entirely",
              "timedOut": false,
              "duration": 9,
              "state": "passed",
              "speed": "fast",
              "pass": true,
              "fail": false,
              "pending": false,
              "context": null,
              "code": "const res = await request\n  .post(\"/api/session/create\")\n  .send({})\n  .set(\"Content-Type\", \"application/json\");\nexpect(res.status).to.equal(400);",
              "err": {},
              "uuid": "38570ae9-f2ae-4c4a-875f-0e941f0a8d7f",
              "parentUUID": "a04a673a-13e7-4a52-b327-35d29dcd572d",
              "isHook": false,
              "skipped": false
            },
            {
              "title": "should trim whitespace and still create session",
              "fullTitle": "AC-02: POST /api/session/create — Session Creation should trim whitespace and still create session",
              "timedOut": false,
              "duration": 8,
              "state": "passed",
              "speed": "fast",
              "pass": true,
              "fail": false,
              "pending": false,
              "context": null,
              "code": "const res = await request\n  .post(\"/api/session/create\")\n  .send({ username: \"  Rohit  \" })\n  .set(\"Content-Type\", \"application/json\");\nexpect(res.status).to.equal(200);\nexpect(res.body.leader).to.equal(\"Rohit\");",
              "err": {},
              "uuid": "424be283-a4d4-4bcf-8eab-cf206863c2cf",
              "parentUUID": "a04a673a-13e7-4a52-b327-35d29dcd572d",
              "isHook": false,
              "skipped": false
            }
          ],
          "suites": [],
          "passes": [
            "edefa0aa-74df-422b-a9b2-163096bbe497",
            "7ecb3971-e34e-4c3a-a85b-8bd975854590",
            "db049cd7-c63f-406d-ae5a-c94b4304d61d",
            "28bd41af-daab-4b55-8fb8-515c1121e69c",
            "b5b568fc-42c4-4576-a3ef-8a89f1a5bb35",
            "38570ae9-f2ae-4c4a-875f-0e941f0a8d7f",
            "424be283-a4d4-4bcf-8eab-cf206863c2cf"
          ],
          "failures": [],
          "pending": [],
          "skipped": [],
          "duration": 87,
          "root": false,
          "rootEmpty": false,
          "_timeout": 15000
        },
        {
          "uuid": "0476a3db-7d69-415b-882e-084699e2645c",
          "title": "AC-03: POST /api/session/join — Session Join",
          "fullFile": "C:\\Users\\a\\OneDrive\\Desktop\\IT568__GENAI\\summarybot\\summarybot\\system_testing\\tests\\system.test.js",
          "file": "\\tests\\system.test.js",
          "beforeHooks": [
            {
              "title": "\"before all\" hook in \"AC-03: POST /api/session/join — Session Join\"",
              "fullTitle": "AC-03: POST /api/session/join — Session Join \"before all\" hook in \"AC-03: POST /api/session/join — Session Join\"",
              "timedOut": false,
              "duration": 7,
              "state": null,
              "speed": null,
              "pass": false,
              "fail": false,
              "pending": false,
              "context": null,
              "code": "const res = await createSession(\"Leader\");\nsessionCode = res.body.code;",
              "err": {},
              "uuid": "023401df-4eec-476e-af6e-90fb2275070f",
              "parentUUID": "0476a3db-7d69-415b-882e-084699e2645c",
              "isHook": true,
              "skipped": false
            }
          ],
          "afterHooks": [],
          "tests": [
            {
              "title": "should allow a new user to join with valid code",
              "fullTitle": "AC-03: POST /api/session/join — Session Join should allow a new user to join with valid code",
              "timedOut": false,
              "duration": 8,
              "state": "passed",
              "speed": "fast",
              "pass": true,
              "fail": false,
              "pending": false,
              "context": null,
              "code": "const res = await joinSession(\"Member1\", sessionCode);\nexpect(res.status).to.equal(200);\nexpect(res.body.code).to.equal(sessionCode);\nexpect(res.body.memberCount).to.equal(2);",
              "err": {},
              "uuid": "aed09098-6a73-4f55-b1e9-413bf4a479b8",
              "parentUUID": "0476a3db-7d69-415b-882e-084699e2645c",
              "isHook": false,
              "skipped": false
            },
            {
              "title": "should return leader name in join response",
              "fullTitle": "AC-03: POST /api/session/join — Session Join should return leader name in join response",
              "timedOut": false,
              "duration": 7,
              "state": "passed",
              "speed": "fast",
              "pass": true,
              "fail": false,
              "pending": false,
              "context": null,
              "code": "const res = await joinSession(\"Member2\", sessionCode);\nexpect(res.body.leader).to.equal(\"Leader\");",
              "err": {},
              "uuid": "88480a19-b357-4167-8732-0ac0076902e6",
              "parentUUID": "0476a3db-7d69-415b-882e-084699e2645c",
              "isHook": false,
              "skipped": false
            },
            {
              "title": "should accept lowercase code and normalize it",
              "fullTitle": "AC-03: POST /api/session/join — Session Join should accept lowercase code and normalize it",
              "timedOut": false,
              "duration": 7,
              "state": "passed",
              "speed": "fast",
              "pass": true,
              "fail": false,
              "pending": false,
              "context": null,
              "code": "const res = await joinSession(\"Member3\", sessionCode.toLowerCase());\nexpect(res.status).to.equal(200);",
              "err": {},
              "uuid": "c5dfdba6-65dd-41dd-a101-722e6c9b4617",
              "parentUUID": "0476a3db-7d69-415b-882e-084699e2645c",
              "isHook": false,
              "skipped": false
            },
            {
              "title": "should return 404 for non-existent session code",
              "fullTitle": "AC-03: POST /api/session/join — Session Join should return 404 for non-existent session code",
              "timedOut": false,
              "duration": 7,
              "state": "passed",
              "speed": "fast",
              "pass": true,
              "fail": false,
              "pending": false,
              "context": null,
              "code": "const res = await joinSession(\"Bob\", \"ZZZZZZ\");\nexpect(res.status).to.equal(404);\nexpect(res.body.error).to.include(\"not found\");",
              "err": {},
              "uuid": "a849bfd9-f15d-4794-bf83-c5357596674a",
              "parentUUID": "0476a3db-7d69-415b-882e-084699e2645c",
              "isHook": false,
              "skipped": false
            },
            {
              "title": "should return 409 for duplicate username in same session",
              "fullTitle": "AC-03: POST /api/session/join — Session Join should return 409 for duplicate username in same session",
              "timedOut": false,
              "duration": 7,
              "state": "passed",
              "speed": "fast",
              "pass": true,
              "fail": false,
              "pending": false,
              "context": null,
              "code": "const res = await joinSession(\"Leader\", sessionCode);\nexpect(res.status).to.equal(409);\nexpect(res.body.error).to.include(\"already taken\");",
              "err": {},
              "uuid": "6a6ffc5e-f9d0-4869-bc58-51f732581dcb",
              "parentUUID": "0476a3db-7d69-415b-882e-084699e2645c",
              "isHook": false,
              "skipped": false
            },
            {
              "title": "should return 400 for username shorter than 2 chars",
              "fullTitle": "AC-03: POST /api/session/join — Session Join should return 400 for username shorter than 2 chars",
              "timedOut": false,
              "duration": 6,
              "state": "passed",
              "speed": "fast",
              "pass": true,
              "fail": false,
              "pending": false,
              "context": null,
              "code": "const res = await joinSession(\"X\", sessionCode);\nexpect(res.status).to.equal(400);",
              "err": {},
              "uuid": "372dce7b-3440-41d8-b8b6-5d613644f02d",
              "parentUUID": "0476a3db-7d69-415b-882e-084699e2645c",
              "isHook": false,
              "skipped": false
            },
            {
              "title": "should return 400 when code is empty",
              "fullTitle": "AC-03: POST /api/session/join — Session Join should return 400 when code is empty",
              "timedOut": false,
              "duration": 6,
              "state": "passed",
              "speed": "fast",
              "pass": true,
              "fail": false,
              "pending": false,
              "context": null,
              "code": "const res = await joinSession(\"Bob\", \"\");\nexpect(res.status).to.equal(400);\nexpect(res.body.error).to.include(\"required\");",
              "err": {},
              "uuid": "99a597b7-c0b5-4ef2-873a-3bc132487f54",
              "parentUUID": "0476a3db-7d69-415b-882e-084699e2645c",
              "isHook": false,
              "skipped": false
            },
            {
              "title": "should return 400 when username is missing",
              "fullTitle": "AC-03: POST /api/session/join — Session Join should return 400 when username is missing",
              "timedOut": false,
              "duration": 7,
              "state": "passed",
              "speed": "fast",
              "pass": true,
              "fail": false,
              "pending": false,
              "context": null,
              "code": "const res = await request\n  .post(\"/api/session/join\")\n  .send({ code: sessionCode })\n  .set(\"Content-Type\", \"application/json\");\nexpect(res.status).to.equal(400);",
              "err": {},
              "uuid": "896beb3f-626d-431a-b5df-843a16609c1c",
              "parentUUID": "0476a3db-7d69-415b-882e-084699e2645c",
              "isHook": false,
              "skipped": false
            }
          ],
          "suites": [],
          "passes": [
            "aed09098-6a73-4f55-b1e9-413bf4a479b8",
            "88480a19-b357-4167-8732-0ac0076902e6",
            "c5dfdba6-65dd-41dd-a101-722e6c9b4617",
            "a849bfd9-f15d-4794-bf83-c5357596674a",
            "6a6ffc5e-f9d0-4869-bc58-51f732581dcb",
            "372dce7b-3440-41d8-b8b6-5d613644f02d",
            "99a597b7-c0b5-4ef2-873a-3bc132487f54",
            "896beb3f-626d-431a-b5df-843a16609c1c"
          ],
          "failures": [],
          "pending": [],
          "skipped": [],
          "duration": 55,
          "root": false,
          "rootEmpty": false,
          "_timeout": 15000
        },
        {
          "uuid": "59f2e8a7-4181-4241-a538-760fe0d21686",
          "title": "AC-04: GET /api/session/:code — Session Info",
          "fullFile": "C:\\Users\\a\\OneDrive\\Desktop\\IT568__GENAI\\summarybot\\summarybot\\system_testing\\tests\\system.test.js",
          "file": "\\tests\\system.test.js",
          "beforeHooks": [
            {
              "title": "\"before all\" hook in \"AC-04: GET /api/session/:code — Session Info\"",
              "fullTitle": "AC-04: GET /api/session/:code — Session Info \"before all\" hook in \"AC-04: GET /api/session/:code — Session Info\"",
              "timedOut": false,
              "duration": 7,
              "state": null,
              "speed": null,
              "pass": false,
              "fail": false,
              "pending": false,
              "context": null,
              "code": "const res = await createSession(\"InfoLeader\");\nsessionCode = res.body.code;",
              "err": {},
              "uuid": "0b0e293a-8013-45ba-a421-ddbda68dab8c",
              "parentUUID": "59f2e8a7-4181-4241-a538-760fe0d21686",
              "isHook": true,
              "skipped": false
            }
          ],
          "afterHooks": [],
          "tests": [
            {
              "title": "should return session info for valid code",
              "fullTitle": "AC-04: GET /api/session/:code — Session Info should return session info for valid code",
              "timedOut": false,
              "duration": 7,
              "state": "passed",
              "speed": "fast",
              "pass": true,
              "fail": false,
              "pending": false,
              "context": null,
              "code": "const res = await request.get(`/api/session/${sessionCode}`);\nexpect(res.status).to.equal(200);\nexpect(res.body.leader).to.equal(\"InfoLeader\");\nexpect(res.body.memberCount).to.equal(1);",
              "err": {},
              "uuid": "592f5d8d-a449-4fd9-8a4d-3ead66c1b0d2",
              "parentUUID": "59f2e8a7-4181-4241-a538-760fe0d21686",
              "isHook": false,
              "skipped": false
            },
            {
              "title": "should return 404 for invalid session code",
              "fullTitle": "AC-04: GET /api/session/:code — Session Info should return 404 for invalid session code",
              "timedOut": false,
              "duration": 6,
              "state": "passed",
              "speed": "fast",
              "pass": true,
              "fail": false,
              "pending": false,
              "context": null,
              "code": "const res = await request.get(\"/api/session/INVALID\");\nexpect(res.status).to.equal(404);",
              "err": {},
              "uuid": "f7bb4ec5-f49f-4511-9157-1ac6bcd43890",
              "parentUUID": "59f2e8a7-4181-4241-a538-760fe0d21686",
              "isHook": false,
              "skipped": false
            },
            {
              "title": "should include createdAt in session info",
              "fullTitle": "AC-04: GET /api/session/:code — Session Info should include createdAt in session info",
              "timedOut": false,
              "duration": 6,
              "state": "passed",
              "speed": "fast",
              "pass": true,
              "fail": false,
              "pending": false,
              "context": null,
              "code": "const res = await request.get(`/api/session/${sessionCode}`);\nexpect(res.body).to.have.property(\"createdAt\");",
              "err": {},
              "uuid": "a4d89ccd-000e-4cb4-a7f8-4b4272dc6085",
              "parentUUID": "59f2e8a7-4181-4241-a538-760fe0d21686",
              "isHook": false,
              "skipped": false
            }
          ],
          "suites": [],
          "passes": [
            "592f5d8d-a449-4fd9-8a4d-3ead66c1b0d2",
            "f7bb4ec5-f49f-4511-9157-1ac6bcd43890",
            "a4d89ccd-000e-4cb4-a7f8-4b4272dc6085"
          ],
          "failures": [],
          "pending": [],
          "skipped": [],
          "duration": 19,
          "root": false,
          "rootEmpty": false,
          "_timeout": 15000
        },
        {
          "uuid": "1a930faa-eca5-4ffb-a0a0-13fdd7741483",
          "title": "AC-05: GET /api/messages/:room — Message History",
          "fullFile": "C:\\Users\\a\\OneDrive\\Desktop\\IT568__GENAI\\summarybot\\summarybot\\system_testing\\tests\\system.test.js",
          "file": "\\tests\\system.test.js",
          "beforeHooks": [],
          "afterHooks": [],
          "tests": [
            {
              "title": "should return an array for any room",
              "fullTitle": "AC-05: GET /api/messages/:room — Message History should return an array for any room",
              "timedOut": false,
              "duration": 37,
              "state": "passed",
              "speed": "fast",
              "pass": true,
              "fail": false,
              "pending": false,
              "context": null,
              "code": "const res = await request.get(\"/api/messages/TESTROOM\");\nexpect(res.status).to.equal(200);\nexpect(res.body).to.be.an(\"array\");",
              "err": {},
              "uuid": "e858a2f9-a75b-4695-855c-90b39865adcb",
              "parentUUID": "1a930faa-eca5-4ffb-a0a0-13fdd7741483",
              "isHook": false,
              "skipped": false
            },
            {
              "title": "should return empty array for a room with no messages",
              "fullTitle": "AC-05: GET /api/messages/:room — Message History should return empty array for a room with no messages",
              "timedOut": false,
              "duration": 22,
              "state": "passed",
              "speed": "fast",
              "pass": true,
              "fail": false,
              "pending": false,
              "context": null,
              "code": "const res = await request.get(\"/api/messages/EMPTYROOM999\");\nexpect(res.status).to.equal(200);\nexpect(res.body).to.deep.equal([]);",
              "err": {},
              "uuid": "905d76b2-0386-489b-bfcf-cf7fd35ef33a",
              "parentUUID": "1a930faa-eca5-4ffb-a0a0-13fdd7741483",
              "isHook": false,
              "skipped": false
            }
          ],
          "suites": [],
          "passes": [
            "e858a2f9-a75b-4695-855c-90b39865adcb",
            "905d76b2-0386-489b-bfcf-cf7fd35ef33a"
          ],
          "failures": [],
          "pending": [],
          "skipped": [],
          "duration": 59,
          "root": false,
          "rootEmpty": false,
          "_timeout": 15000
        },
        {
          "uuid": "81a42442-8288-40ff-b1ae-28b0e8923c56",
          "title": "AC-06: WebSocket — Join & History",
          "fullFile": "C:\\Users\\a\\OneDrive\\Desktop\\IT568__GENAI\\summarybot\\summarybot\\system_testing\\tests\\system.test.js",
          "file": "\\tests\\system.test.js",
          "beforeHooks": [
            {
              "title": "\"before all\" hook in \"AC-06: WebSocket — Join & History\"",
              "fullTitle": "AC-06: WebSocket — Join & History \"before all\" hook in \"AC-06: WebSocket — Join & History\"",
              "timedOut": false,
              "duration": 7,
              "state": null,
              "speed": null,
              "pass": false,
              "fail": false,
              "pending": false,
              "context": null,
              "code": "const res = await createSession(\"WSLeader\");\nsessionCode = res.body.code;",
              "err": {},
              "uuid": "e608a72c-87c5-4654-9066-9293c7b9e990",
              "parentUUID": "81a42442-8288-40ff-b1ae-28b0e8923c56",
              "isHook": true,
              "skipped": false
            }
          ],
          "afterHooks": [],
          "tests": [
            {
              "title": "should connect successfully to the server",
              "fullTitle": "AC-06: WebSocket — Join & History should connect successfully to the server",
              "timedOut": false,
              "duration": 31,
              "state": "passed",
              "speed": "fast",
              "pass": true,
              "fail": false,
              "pending": false,
              "context": null,
              "code": "const socket = connectSocket();\nsocket.on(\"connect\", () => {\n  expect(socket.connected).to.be.true;\n  socket.disconnect();\n  done();\n});\nsocket.on(\"connect_error\", (err) => done(err));",
              "err": {},
              "uuid": "12d7c235-d41e-4ada-9ecb-3ae0589e6c4c",
              "parentUUID": "81a42442-8288-40ff-b1ae-28b0e8923c56",
              "isHook": false,
              "skipped": false
            },
            {
              "title": "should receive history array on join",
              "fullTitle": "AC-06: WebSocket — Join & History should receive history array on join",
              "timedOut": false,
              "duration": 28,
              "state": "passed",
              "speed": "fast",
              "pass": true,
              "fail": false,
              "pending": false,
              "context": null,
              "code": "// WSLeader is already in the session (created it via REST)\nconst socket = await socketJoin(sessionCode, \"WSLeader\");\nsocket.disconnect();",
              "err": {},
              "uuid": "a8cb2e42-6b19-4dd8-9731-2f7a8265e67b",
              "parentUUID": "81a42442-8288-40ff-b1ae-28b0e8923c56",
              "isHook": false,
              "skipped": false
            },
            {
              "title": "should broadcast userJoined event to room when a second user joins",
              "fullTitle": "AC-06: WebSocket — Join & History should broadcast userJoined event to room when a second user joins",
              "timedOut": false,
              "duration": 35,
              "state": "failed",
              "speed": null,
              "pass": false,
              "fail": true,
              "pending": false,
              "context": null,
              "code": "joinSession(\"WSMember2\", sessionCode).then(() => {\n  // Connect leader and wait until confirmed in room\n  socketJoin(sessionCode, \"WSLeader\").then((leaderSocket) => {\n    // Attach listener — server now sends userJoined BEFORE history\n    // so this listener will never miss the event\n    leaderSocket.once(\"userJoined\", ({ username }) => {\n      expect(username).to.equal(\"WSMember2\");\n      leaderSocket.disconnect();\n      done();\n    });\n    // Connect member — triggers userJoined broadcast to leader\n    const memberSocket = connectSocket();\n    memberSocket.on(\"connect\", () => {\n      memberSocket.emit(\"join\", { room: sessionCode, username: \"WSMember2\" });\n    });\n  }).catch(done);\n}).catch(done);",
              "err": {
                "message": "AssertionError: expected 'WSLeader' to equal 'WSMember2'",
                "estack": "AssertionError: expected 'WSLeader' to equal 'WSMember2'\n    at Socket.<anonymous> (tests\\system.test.js:294:31)\n    at Socket.on (node_modules\\@socket.io\\component-emitter\\lib\\cjs\\index.js:63:8)\n    at Emitter.emit (node_modules\\@socket.io\\component-emitter\\lib\\cjs\\index.js:143:20)\n    at Socket.emitEvent (node_modules\\socket.io-client\\build\\cjs\\socket.js:558:20)\n    at Socket.onevent (node_modules\\socket.io-client\\build\\cjs\\socket.js:545:18)\n    at Socket.onpacket (node_modules\\socket.io-client\\build\\cjs\\socket.js:513:22)\n    at Emitter.emit (node_modules\\@socket.io\\component-emitter\\lib\\cjs\\index.js:143:20)\n    at C:\\Users\\a\\OneDrive\\Desktop\\IT568__GENAI\\summarybot\\summarybot\\system_testing\\node_modules\\socket.io-client\\build\\cjs\\manager.js:246:18\n    at process.processTicksAndRejections (node:internal/process/task_queues:89:21)",
                "diff": "- WSLeader\n+ WSMember2\n"
              },
              "uuid": "c02064a4-2695-4f3e-bd2d-af3df0ea51c1",
              "parentUUID": "81a42442-8288-40ff-b1ae-28b0e8923c56",
              "isHook": false,
              "skipped": false
            }
          ],
          "suites": [],
          "passes": [
            "12d7c235-d41e-4ada-9ecb-3ae0589e6c4c",
            "a8cb2e42-6b19-4dd8-9731-2f7a8265e67b"
          ],
          "failures": [
            "c02064a4-2695-4f3e-bd2d-af3df0ea51c1"
          ],
          "pending": [],
          "skipped": [],
          "duration": 94,
          "root": false,
          "rootEmpty": false,
          "_timeout": 15000
        },
        {
          "uuid": "7882686b-5d5e-4b98-8e8d-8a9c086b113d",
          "title": "AC-07: WebSocket — Real-time Messaging",
          "fullFile": "C:\\Users\\a\\OneDrive\\Desktop\\IT568__GENAI\\summarybot\\summarybot\\system_testing\\tests\\system.test.js",
          "file": "\\tests\\system.test.js",
          "beforeHooks": [
            {
              "title": "\"before all\" hook in \"AC-07: WebSocket — Real-time Messaging\"",
              "fullTitle": "AC-07: WebSocket — Real-time Messaging \"before all\" hook in \"AC-07: WebSocket — Real-time Messaging\"",
              "timedOut": false,
              "duration": 13,
              "state": null,
              "speed": null,
              "pass": false,
              "fail": false,
              "pending": false,
              "context": null,
              "code": "const res = await createSession(\"MsgLeader\");\nsessionCode = res.body.code;\n// Pre-register receiver via REST so server allows socket join\nawait joinSession(\"MsgReceiver\", sessionCode);",
              "err": {},
              "uuid": "ce4e239f-c8a8-473a-a238-7e66c9305a5e",
              "parentUUID": "7882686b-5d5e-4b98-8e8d-8a9c086b113d",
              "isHook": true,
              "skipped": false
            }
          ],
          "afterHooks": [],
          "tests": [
            {
              "title": "should broadcast a message to all users in the room",
              "fullTitle": "AC-07: WebSocket — Real-time Messaging should broadcast a message to all users in the room",
              "timedOut": false,
              "duration": 90,
              "state": "passed",
              "speed": "slow",
              "pass": true,
              "fail": false,
              "pending": false,
              "context": null,
              "code": "// Step 1: connect sender first, wait until in room\nsocketJoin(sessionCode, \"MsgLeader\").then((senderSocket) => {\n  // Step 2: connect receiver, wait until in room\n  socketJoin(sessionCode, \"MsgReceiver\").then((receiverSocket) => {\n    // Step 3: listen on receiver BEFORE sending\n    receiverSocket.once(\"message\", (msg) => {\n      if (msg.text === \"Hello from system test\") {\n        expect(msg.text).to.equal(\"Hello from system test\");\n        expect(msg.username).to.equal(\"MsgLeader\");\n        senderSocket.disconnect();\n        receiverSocket.disconnect();\n        done();\n      }\n    });\n    // Step 4: send from sender\n    senderSocket.emit(\"message\", {\n      text: \"Hello from system test\",\n      style: \"bullets\",\n      autoSummarizeAt: 999,\n    });\n  }).catch(done);\n}).catch(done);",
              "err": {},
              "uuid": "50369e4a-d238-4cf9-9bff-a2fb35193c84",
              "parentUUID": "7882686b-5d5e-4b98-8e8d-8a9c086b113d",
              "isHook": false,
              "skipped": false
            },
            {
              "title": "should persist message with correct room and type fields",
              "fullTitle": "AC-07: WebSocket — Real-time Messaging should persist message with correct room and type fields",
              "timedOut": false,
              "duration": 52,
              "state": "passed",
              "speed": "medium",
              "pass": true,
              "fail": false,
              "pending": false,
              "context": null,
              "code": "socketJoin(sessionCode, \"MsgLeader\").then((socket) => {\n  socket.on(\"message\", (msg) => {\n    if (msg.text === \"Persistence test\") {\n      expect(msg.room).to.equal(sessionCode);\n      expect(msg.type).to.equal(\"message\");\n      expect(msg).to.have.property(\"_id\");\n      expect(msg).to.have.property(\"createdAt\");\n      socket.disconnect();\n      done();\n    }\n  });\n  socket.emit(\"message\", {\n    text: \"Persistence test\",\n    style: \"bullets\",\n    autoSummarizeAt: 999,\n  });\n}).catch(done);",
              "err": {},
              "uuid": "530e251d-c3e9-46ce-a842-a27d4f29f5be",
              "parentUUID": "7882686b-5d5e-4b98-8e8d-8a9c086b113d",
              "isHook": false,
              "skipped": false
            }
          ],
          "suites": [],
          "passes": [
            "50369e4a-d238-4cf9-9bff-a2fb35193c84",
            "530e251d-c3e9-46ce-a842-a27d4f29f5be"
          ],
          "failures": [],
          "pending": [],
          "skipped": [],
          "duration": 142,
          "root": false,
          "rootEmpty": false,
          "_timeout": 15000
        },
        {
          "uuid": "c8a35700-28d1-45d6-a733-d065c514e927",
          "title": "AC-08: WebSocket — Invalid Session Rejection",
          "fullFile": "C:\\Users\\a\\OneDrive\\Desktop\\IT568__GENAI\\summarybot\\summarybot\\system_testing\\tests\\system.test.js",
          "file": "\\tests\\system.test.js",
          "beforeHooks": [],
          "afterHooks": [],
          "tests": [
            {
              "title": "should emit invalidSession when joining a non-existent room",
              "fullTitle": "AC-08: WebSocket — Invalid Session Rejection should emit invalidSession when joining a non-existent room",
              "timedOut": false,
              "duration": 7,
              "state": "passed",
              "speed": "fast",
              "pass": true,
              "fail": false,
              "pending": false,
              "context": null,
              "code": "const socket = connectSocket();\nconst timer = setTimeout(() => {\n  socket.disconnect();\n  done(new Error(\"Timeout — invalidSession never received\"));\n}, 5000);\nsocket.on(\"connect\", () => {\n  socket.emit(\"join\", { room: \"ZZZZZZ\", username: \"Ghost\" });\n});\nsocket.on(\"invalidSession\", () => {\n  clearTimeout(timer);\n  expect(true).to.be.true;\n  socket.disconnect();\n  done();\n});\nsocket.on(\"history\", () => {\n  clearTimeout(timer);\n  socket.disconnect();\n  done(new Error(\"Should NOT receive history for invalid session\"));\n});",
              "err": {},
              "uuid": "2e367bd8-961c-4fe5-bdf4-44d7c0961a6c",
              "parentUUID": "c8a35700-28d1-45d6-a733-d065c514e927",
              "isHook": false,
              "skipped": false
            }
          ],
          "suites": [],
          "passes": [
            "2e367bd8-961c-4fe5-bdf4-44d7c0961a6c"
          ],
          "failures": [],
          "pending": [],
          "skipped": [],
          "duration": 7,
          "root": false,
          "rootEmpty": false,
          "_timeout": 15000
        },
        {
          "uuid": "c16e1bd3-d9e9-4481-9e4f-0aa04356cc96",
          "title": "AC-09: WebSocket — End Session",
          "fullFile": "C:\\Users\\a\\OneDrive\\Desktop\\IT568__GENAI\\summarybot\\summarybot\\system_testing\\tests\\system.test.js",
          "file": "\\tests\\system.test.js",
          "beforeHooks": [],
          "afterHooks": [],
          "tests": [
            {
              "title": "should broadcast sessionEnded to all clients when leader ends session",
              "fullTitle": "AC-09: WebSocket — End Session should broadcast sessionEnded to all clients when leader ends session",
              "timedOut": false,
              "duration": 64,
              "state": "passed",
              "speed": "medium",
              "pass": true,
              "fail": false,
              "pending": false,
              "context": null,
              "code": "createSession(\"EndLeader\").then(async (res) => {\n  const code = res.body.code;\n  // Pre-register member via REST\n  await joinSession(\"EndMember\", code);\n  // Step 1: connect leader first\n  socketJoin(code, \"EndLeader\").then((leaderSocket) => {\n    // Step 2: connect member second\n    socketJoin(code, \"EndMember\").then((memberSocket) => {\n      // Step 3: listen on member BEFORE leader fires endSession\n      memberSocket.once(\"sessionEnded\", ({ room }) => {\n        expect(room).to.equal(code);\n        leaderSocket.disconnect();\n        memberSocket.disconnect();\n        done();\n      });\n      // Step 4: leader ends session\n      leaderSocket.emit(\"endSession\", { room: code });\n    }).catch(done);\n  }).catch(done);\n}).catch(done);",
              "err": {},
              "uuid": "02f7c0e1-c7f3-4203-97ff-4448559e2e24",
              "parentUUID": "c16e1bd3-d9e9-4481-9e4f-0aa04356cc96",
              "isHook": false,
              "skipped": false
            },
            {
              "title": "should remove session from store after endSession",
              "fullTitle": "AC-09: WebSocket — End Session should remove session from store after endSession",
              "timedOut": false,
              "duration": 49,
              "state": "passed",
              "speed": "medium",
              "pass": true,
              "fail": false,
              "pending": false,
              "context": null,
              "code": "const res = await createSession(\"CleanLeader\");\nconst code = res.body.code;\nconst before = await request.get(`/api/session/${code}`);\nexpect(before.status).to.equal(200);\nawait new Promise((resolve, reject) => {\n  socketJoin(code, \"CleanLeader\").then((socket) => {\n    socket.on(\"sessionEnded\", () => {\n      socket.disconnect();\n      resolve();\n    });\n    socket.emit(\"endSession\", { room: code });\n  }).catch(reject);\n});\nconst after = await request.get(`/api/session/${code}`);\nexpect(after.status).to.equal(404);",
              "err": {},
              "uuid": "f422e8e4-9942-412d-9de4-ffdd60f8b514",
              "parentUUID": "c16e1bd3-d9e9-4481-9e4f-0aa04356cc96",
              "isHook": false,
              "skipped": false
            }
          ],
          "suites": [],
          "passes": [
            "02f7c0e1-c7f3-4203-97ff-4448559e2e24",
            "f422e8e4-9942-412d-9de4-ffdd60f8b514"
          ],
          "failures": [],
          "pending": [],
          "skipped": [],
          "duration": 113,
          "root": false,
          "rootEmpty": false,
          "_timeout": 15000
        },
        {
          "uuid": "bdb6b0ce-be2c-4d9c-92af-6875459ec721",
          "title": "AC-10: WebSocket — User Disconnect",
          "fullFile": "C:\\Users\\a\\OneDrive\\Desktop\\IT568__GENAI\\summarybot\\summarybot\\system_testing\\tests\\system.test.js",
          "file": "\\tests\\system.test.js",
          "beforeHooks": [],
          "afterHooks": [],
          "tests": [
            {
              "title": "should broadcast userLeft when a member disconnects",
              "fullTitle": "AC-10: WebSocket — User Disconnect should broadcast userLeft when a member disconnects",
              "timedOut": false,
              "duration": 56,
              "state": "passed",
              "speed": "medium",
              "pass": true,
              "fail": false,
              "pending": false,
              "context": null,
              "code": "createSession(\"DiscoLeader\").then(async (res) => {\n  const code = res.body.code;\n  // Pre-register member via REST\n  await joinSession(\"DiscoMember\", code);\n  // Step 1: connect leader first, wait until in room\n  socketJoin(code, \"DiscoLeader\").then((leaderSocket) => {\n    // Step 2: connect member second, wait until in room\n    socketJoin(code, \"DiscoMember\").then((memberSocket) => {\n      // Step 3: listen on leader BEFORE disconnecting member\n      leaderSocket.once(\"userLeft\", ({ username }) => {\n        if (username === \"DiscoMember\") {\n          expect(username).to.equal(\"DiscoMember\");\n          leaderSocket.disconnect();\n          done();\n        }\n      });\n      // Step 4: disconnect member — server broadcasts userLeft\n      memberSocket.disconnect();\n    }).catch(done);\n  }).catch(done);\n}).catch(done);",
              "err": {},
              "uuid": "20928f93-da5d-4b6e-acad-8a05fe1869b6",
              "parentUUID": "bdb6b0ce-be2c-4d9c-92af-6875459ec721",
              "isHook": false,
              "skipped": false
            }
          ],
          "suites": [],
          "passes": [
            "20928f93-da5d-4b6e-acad-8a05fe1869b6"
          ],
          "failures": [],
          "pending": [],
          "skipped": [],
          "duration": 56,
          "root": false,
          "rootEmpty": false,
          "_timeout": 15000
        },
        {
          "uuid": "4c79a43d-c9d7-4342-9bd9-6867bdbab553",
          "title": "AC-11: POST /api/summarize/:room — Summarize Fallback",
          "fullFile": "C:\\Users\\a\\OneDrive\\Desktop\\IT568__GENAI\\summarybot\\summarybot\\system_testing\\tests\\system.test.js",
          "file": "\\tests\\system.test.js",
          "beforeHooks": [],
          "afterHooks": [],
          "tests": [
            {
              "title": "should return 422 when there are no messages to summarize",
              "fullTitle": "AC-11: POST /api/summarize/:room — Summarize Fallback should return 422 when there are no messages to summarize",
              "timedOut": false,
              "duration": 21,
              "state": "passed",
              "speed": "fast",
              "pass": true,
              "fail": false,
              "pending": false,
              "context": null,
              "code": "const res = await request\n  .post(\"/api/summarize/EMPTYROOM000\")\n  .send({ style: \"bullets\" })\n  .set(\"Content-Type\", \"application/json\");\nexpect(res.status).to.equal(422);\nexpect(res.body.error).to.include(\"No messages\");",
              "err": {},
              "uuid": "4acdf694-5e55-476d-a4ae-f03e143c7904",
              "parentUUID": "4c79a43d-c9d7-4342-9bd9-6867bdbab553",
              "isHook": false,
              "skipped": false
            }
          ],
          "suites": [],
          "passes": [
            "4acdf694-5e55-476d-a4ae-f03e143c7904"
          ],
          "failures": [],
          "pending": [],
          "skipped": [],
          "duration": 21,
          "root": false,
          "rootEmpty": false,
          "_timeout": 15000
        },
        {
          "uuid": "6343fb0b-c599-4f20-817c-449d9f38cbbe",
          "title": "AC-12: API Content-Type & Response Format",
          "fullFile": "C:\\Users\\a\\OneDrive\\Desktop\\IT568__GENAI\\summarybot\\summarybot\\system_testing\\tests\\system.test.js",
          "file": "\\tests\\system.test.js",
          "beforeHooks": [],
          "afterHooks": [],
          "tests": [
            {
              "title": "should return JSON content-type from /api/health",
              "fullTitle": "AC-12: API Content-Type & Response Format should return JSON content-type from /api/health",
              "timedOut": false,
              "duration": 6,
              "state": "passed",
              "speed": "fast",
              "pass": true,
              "fail": false,
              "pending": false,
              "context": null,
              "code": "const res = await request.get(\"/api/health\");\nexpect(res.headers[\"content-type\"]).to.include(\"application/json\");",
              "err": {},
              "uuid": "ea20af57-b5b3-4273-94db-dcbe6cc491a1",
              "parentUUID": "6343fb0b-c599-4f20-817c-449d9f38cbbe",
              "isHook": false,
              "skipped": false
            },
            {
              "title": "should return JSON content-type from /api/session/create",
              "fullTitle": "AC-12: API Content-Type & Response Format should return JSON content-type from /api/session/create",
              "timedOut": false,
              "duration": 6,
              "state": "passed",
              "speed": "fast",
              "pass": true,
              "fail": false,
              "pending": false,
              "context": null,
              "code": "const res = await request\n  .post(\"/api/session/create\")\n  .send({ username: \"TypeTest\" })\n  .set(\"Content-Type\", \"application/json\");\nexpect(res.headers[\"content-type\"]).to.include(\"application/json\");",
              "err": {},
              "uuid": "9d01a733-4af9-4160-b3d1-3bfc5553bb78",
              "parentUUID": "6343fb0b-c599-4f20-817c-449d9f38cbbe",
              "isHook": false,
              "skipped": false
            },
            {
              "title": "should return JSON error body for 404 session",
              "fullTitle": "AC-12: API Content-Type & Response Format should return JSON error body for 404 session",
              "timedOut": false,
              "duration": 6,
              "state": "passed",
              "speed": "fast",
              "pass": true,
              "fail": false,
              "pending": false,
              "context": null,
              "code": "const res = await request.get(\"/api/session/BADCODE\");\nexpect(res.status).to.equal(404);\nexpect(res.body).to.have.property(\"error\");\nexpect(res.body.error).to.be.a(\"string\");",
              "err": {},
              "uuid": "c049f5c0-57e3-4fee-ba99-b54e902d0ad9",
              "parentUUID": "6343fb0b-c599-4f20-817c-449d9f38cbbe",
              "isHook": false,
              "skipped": false
            }
          ],
          "suites": [],
          "passes": [
            "ea20af57-b5b3-4273-94db-dcbe6cc491a1",
            "9d01a733-4af9-4160-b3d1-3bfc5553bb78",
            "c049f5c0-57e3-4fee-ba99-b54e902d0ad9"
          ],
          "failures": [],
          "pending": [],
          "skipped": [],
          "duration": 18,
          "root": false,
          "rootEmpty": false,
          "_timeout": 15000
        }
      ],
      "passes": [],
      "failures": [],
      "pending": [],
      "skipped": [],
      "duration": 0,
      "root": true,
      "rootEmpty": true,
      "_timeout": 15000
    }
  ],
  "meta": {
    "mocha": {
      "version": "10.8.2"
    },
    "mochawesome": {
      "options": {
        "quiet": false,
        "reportFilename": "mochawesome",
        "saveHtml": true,
        "saveJson": true,
        "consoleReporter": "spec",
        "useInlineDiffs": false,
        "code": true
      },
      "version": "7.1.4"
    },
    "marge": {
      "options": {
        "[object Object]": true
      },
      "version": "6.3.2"
    }
  }
}