{
  "stats": {
    "suites": 6,
    "tests": 43,
    "passes": 43,
    "pending": 0,
    "failures": 0,
    "start": "2026-04-26T07:08:23.274Z",
    "end": "2026-04-26T07:08:23.385Z",
    "duration": 111,
    "testsRegistered": 43,
    "passPercent": 100,
    "pendingPercent": 0,
    "other": 0,
    "hasOther": false,
    "skipped": 0,
    "hasSkipped": false
  },
  "results": [
    {
      "uuid": "79929a25-d576-4e8c-ba65-163c8bf2e858",
      "title": "",
      "fullFile": "",
      "file": "",
      "beforeHooks": [],
      "afterHooks": [],
      "tests": [],
      "suites": [
        {
          "uuid": "7ae41ebb-3b18-4280-80a3-183369b39637",
          "title": "generateCode()",
          "fullFile": "C:\\Users\\a\\OneDrive\\Desktop\\IT568__GENAI\\summarybot (1)\\summarybot\\unit_testing\\tests\\unit.test.js",
          "file": "\\tests\\unit.test.js",
          "beforeHooks": [],
          "afterHooks": [],
          "tests": [
            {
              "title": "should return a string of exactly 6 characters",
              "fullTitle": "generateCode() should return a string of exactly 6 characters",
              "timedOut": false,
              "duration": 4,
              "state": "passed",
              "speed": "fast",
              "pass": true,
              "fail": false,
              "pending": false,
              "context": null,
              "code": "const code = generateCode();\nexpect(code).to.be.a(\"string\");\nexpect(code).to.have.lengthOf(6);",
              "err": {},
              "uuid": "740c4763-7253-43c9-8089-1322960f6e2b",
              "parentUUID": "7ae41ebb-3b18-4280-80a3-183369b39637",
              "isHook": false,
              "skipped": false
            },
            {
              "title": "should only contain characters from the valid charset (no O, 0, I, 1)",
              "fullTitle": "generateCode() should only contain characters from the valid charset (no O, 0, I, 1)",
              "timedOut": false,
              "duration": 34,
              "state": "passed",
              "speed": "fast",
              "pass": true,
              "fail": false,
              "pending": false,
              "context": null,
              "code": "for (let i = 0; i < 100; i++) {\n  const code = generateCode();\n  for (const char of code) {\n    expect(VALID_CHARS).to.include(char);\n  }\n}",
              "err": {},
              "uuid": "a6f75a09-080b-452c-91ac-ce7bd2b06c84",
              "parentUUID": "7ae41ebb-3b18-4280-80a3-183369b39637",
              "isHook": false,
              "skipped": false
            },
            {
              "title": "should never contain ambiguous characters O, 0, I, 1",
              "fullTitle": "generateCode() should never contain ambiguous characters O, 0, I, 1",
              "timedOut": false,
              "duration": 29,
              "state": "passed",
              "speed": "fast",
              "pass": true,
              "fail": false,
              "pending": false,
              "context": null,
              "code": "for (let i = 0; i < 200; i++) {\n  const code = generateCode();\n  expect(code).to.not.include(\"O\");\n  expect(code).to.not.include(\"0\");\n  expect(code).to.not.include(\"I\");\n  expect(code).to.not.include(\"1\");\n}",
              "err": {},
              "uuid": "5c2bc041-554f-40fb-b64e-32bc56908c22",
              "parentUUID": "7ae41ebb-3b18-4280-80a3-183369b39637",
              "isHook": false,
              "skipped": false
            },
            {
              "title": "should be uppercase only",
              "fullTitle": "generateCode() should be uppercase only",
              "timedOut": false,
              "duration": 0,
              "state": "passed",
              "speed": "fast",
              "pass": true,
              "fail": false,
              "pending": false,
              "context": null,
              "code": "const code = generateCode();\nexpect(code).to.equal(code.toUpperCase());",
              "err": {},
              "uuid": "9f96ee9a-5520-44a4-9c90-2edb4628f12e",
              "parentUUID": "7ae41ebb-3b18-4280-80a3-183369b39637",
              "isHook": false,
              "skipped": false
            },
            {
              "title": "should generate unique codes when collision exists in sessions map",
              "fullTitle": "generateCode() should generate unique codes when collision exists in sessions map",
              "timedOut": false,
              "duration": 4,
              "state": "passed",
              "speed": "fast",
              "pass": true,
              "fail": false,
              "pending": false,
              "context": null,
              "code": "// Force a collision by pre-loading the sessions map\nconst sessions = new Map();\n// Stub crypto.randomInt to return the same sequence twice then different\nlet callCount = 0;\nconst stub = sinon.stub(crypto, \"randomInt\").callsFake((min, max) => {\n  callCount++;\n  // First 6 calls → code \"AAAAAA\", next 6 → \"BBBBBB\"\n  return callCount <= 6 ? 0 : 1;\n});\nconst firstCode = generateCode(sessions);\nsessions.set(firstCode, { leader: \"test\", members: new Set([\"test\"]) });\n// Reset callCount so next generateCode starts fresh\ncallCount = 0;\nstub.callsFake((min, max) => {\n  callCount++;\n  // Returns same code as before for first 6 calls (collision), then different\n  return callCount <= 6 ? 0 : 1;\n});\nstub.restore();\n// Without the stub — just verify the function doesn't return an already-used code\nconst sessions2 = new Map();\nconst codes = new Set();\nfor (let i = 0; i < 50; i++) {\n  const c = generateCode(sessions2);\n  codes.add(c);\n}\n// All 50 codes generated from empty sessions should work\nexpect(codes.size).to.be.at.least(1);",
              "err": {},
              "uuid": "22b64064-4c7f-4706-8647-ed41845ebb60",
              "parentUUID": "7ae41ebb-3b18-4280-80a3-183369b39637",
              "isHook": false,
              "skipped": false
            },
            {
              "title": "should generate statistically varied codes (not all the same)",
              "fullTitle": "generateCode() should generate statistically varied codes (not all the same)",
              "timedOut": false,
              "duration": 0,
              "state": "passed",
              "speed": "fast",
              "pass": true,
              "fail": false,
              "pending": false,
              "context": null,
              "code": "const codes = new Set();\nfor (let i = 0; i < 20; i++) codes.add(generateCode());\nexpect(codes.size).to.be.greaterThan(1);",
              "err": {},
              "uuid": "05aa66f7-d6fe-4c12-b801-5639919c6c10",
              "parentUUID": "7ae41ebb-3b18-4280-80a3-183369b39637",
              "isHook": false,
              "skipped": false
            }
          ],
          "suites": [],
          "passes": [
            "740c4763-7253-43c9-8089-1322960f6e2b",
            "a6f75a09-080b-452c-91ac-ce7bd2b06c84",
            "5c2bc041-554f-40fb-b64e-32bc56908c22",
            "9f96ee9a-5520-44a4-9c90-2edb4628f12e",
            "22b64064-4c7f-4706-8647-ed41845ebb60",
            "05aa66f7-d6fe-4c12-b801-5639919c6c10"
          ],
          "failures": [],
          "pending": [],
          "skipped": [],
          "duration": 71,
          "root": false,
          "rootEmpty": false,
          "_timeout": 10000
        },
        {
          "uuid": "4009b5c2-e89d-4480-bfc3-1da9eb0d941a",
          "title": "createSession()",
          "fullFile": "C:\\Users\\a\\OneDrive\\Desktop\\IT568__GENAI\\summarybot (1)\\summarybot\\unit_testing\\tests\\unit.test.js",
          "file": "\\tests\\unit.test.js",
          "beforeHooks": [
            {
              "title": "\"before each\" hook",
              "fullTitle": "createSession() \"before each\" hook",
              "timedOut": false,
              "duration": 0,
              "state": null,
              "speed": null,
              "pass": false,
              "fail": false,
              "pending": false,
              "context": null,
              "code": "sessions = new Map();",
              "err": {},
              "uuid": "7153beb7-7a89-4676-a3c1-e7c3c6d9cebb",
              "parentUUID": "4009b5c2-e89d-4480-bfc3-1da9eb0d941a",
              "isHook": true,
              "skipped": false
            }
          ],
          "afterHooks": [],
          "tests": [
            {
              "title": "should create a session and return a code and leader",
              "fullTitle": "createSession() should create a session and return a code and leader",
              "timedOut": false,
              "duration": 1,
              "state": "passed",
              "speed": "fast",
              "pass": true,
              "fail": false,
              "pending": false,
              "context": null,
              "code": "const result = createSession(sessions, \"Rohit\");\nexpect(result).to.have.property(\"code\");\nexpect(result).to.have.property(\"leader\", \"Rohit\");\nexpect(result.code).to.have.lengthOf(6);",
              "err": {},
              "uuid": "17bdb4fd-7161-4515-b410-b1016219cbdd",
              "parentUUID": "4009b5c2-e89d-4480-bfc3-1da9eb0d941a",
              "isHook": false,
              "skipped": false
            },
            {
              "title": "should store the session in the map",
              "fullTitle": "createSession() should store the session in the map",
              "timedOut": false,
              "duration": 1,
              "state": "passed",
              "speed": "fast",
              "pass": true,
              "fail": false,
              "pending": false,
              "context": null,
              "code": "const result = createSession(sessions, \"Rohit\");\nexpect(sessions.has(result.code)).to.be.true;",
              "err": {},
              "uuid": "048e4122-5728-418c-9519-f0d300b7e1b7",
              "parentUUID": "4009b5c2-e89d-4480-bfc3-1da9eb0d941a",
              "isHook": false,
              "skipped": false
            },
            {
              "title": "should add leader as first member",
              "fullTitle": "createSession() should add leader as first member",
              "timedOut": false,
              "duration": 0,
              "state": "passed",
              "speed": "fast",
              "pass": true,
              "fail": false,
              "pending": false,
              "context": null,
              "code": "const result = createSession(sessions, \"Rohit\");\nconst session = sessions.get(result.code);\nexpect(session.members.has(\"Rohit\")).to.be.true;\nexpect(session.members.size).to.equal(1);",
              "err": {},
              "uuid": "4c157283-ae6b-4386-a2be-c641446d340a",
              "parentUUID": "4009b5c2-e89d-4480-bfc3-1da9eb0d941a",
              "isHook": false,
              "skipped": false
            },
            {
              "title": "should trim whitespace from username",
              "fullTitle": "createSession() should trim whitespace from username",
              "timedOut": false,
              "duration": 0,
              "state": "passed",
              "speed": "fast",
              "pass": true,
              "fail": false,
              "pending": false,
              "context": null,
              "code": "const result = createSession(sessions, \"  Rohit  \");\nexpect(result.leader).to.equal(\"Rohit\");",
              "err": {},
              "uuid": "74f14783-81ac-4b87-a0c3-ad80844702c4",
              "parentUUID": "4009b5c2-e89d-4480-bfc3-1da9eb0d941a",
              "isHook": false,
              "skipped": false
            },
            {
              "title": "should reject username shorter than 2 characters",
              "fullTitle": "createSession() should reject username shorter than 2 characters",
              "timedOut": false,
              "duration": 0,
              "state": "passed",
              "speed": "fast",
              "pass": true,
              "fail": false,
              "pending": false,
              "context": null,
              "code": "const result = createSession(sessions, \"A\");\nexpect(result).to.have.property(\"error\");\nexpect(result.status).to.equal(400);",
              "err": {},
              "uuid": "44ee30f9-ab52-4156-851e-b5b00a524083",
              "parentUUID": "4009b5c2-e89d-4480-bfc3-1da9eb0d941a",
              "isHook": false,
              "skipped": false
            },
            {
              "title": "should reject empty username",
              "fullTitle": "createSession() should reject empty username",
              "timedOut": false,
              "duration": 0,
              "state": "passed",
              "speed": "fast",
              "pass": true,
              "fail": false,
              "pending": false,
              "context": null,
              "code": "const result = createSession(sessions, \"\");\nexpect(result).to.have.property(\"error\");\nexpect(result.status).to.equal(400);",
              "err": {},
              "uuid": "a6022658-1994-48bd-8f6d-cf5aa574fcc5",
              "parentUUID": "4009b5c2-e89d-4480-bfc3-1da9eb0d941a",
              "isHook": false,
              "skipped": false
            },
            {
              "title": "should reject null username",
              "fullTitle": "createSession() should reject null username",
              "timedOut": false,
              "duration": 0,
              "state": "passed",
              "speed": "fast",
              "pass": true,
              "fail": false,
              "pending": false,
              "context": null,
              "code": "const result = createSession(sessions, null);\nexpect(result).to.have.property(\"error\");\nexpect(result.status).to.equal(400);",
              "err": {},
              "uuid": "35f9af5b-ab98-4950-8d86-3e39e5e942b8",
              "parentUUID": "4009b5c2-e89d-4480-bfc3-1da9eb0d941a",
              "isHook": false,
              "skipped": false
            },
            {
              "title": "should reject whitespace-only username",
              "fullTitle": "createSession() should reject whitespace-only username",
              "timedOut": false,
              "duration": 0,
              "state": "passed",
              "speed": "fast",
              "pass": true,
              "fail": false,
              "pending": false,
              "context": null,
              "code": "const result = createSession(sessions, \"   \");\nexpect(result).to.have.property(\"error\");\nexpect(result.status).to.equal(400);",
              "err": {},
              "uuid": "90e9b10f-c2e2-40f5-b659-be5e3038a211",
              "parentUUID": "4009b5c2-e89d-4480-bfc3-1da9eb0d941a",
              "isHook": false,
              "skipped": false
            },
            {
              "title": "should set createdAt timestamp on session",
              "fullTitle": "createSession() should set createdAt timestamp on session",
              "timedOut": false,
              "duration": 0,
              "state": "passed",
              "speed": "fast",
              "pass": true,
              "fail": false,
              "pending": false,
              "context": null,
              "code": "const before = new Date();\nconst result = createSession(sessions, \"Rohit\");\nconst session = sessions.get(result.code);\nexpect(session.createdAt).to.be.instanceOf(Date);\nexpect(session.createdAt.getTime()).to.be.at.least(before.getTime());",
              "err": {},
              "uuid": "04c2ee4f-0a9b-4b7a-8a2d-e74904138b64",
              "parentUUID": "4009b5c2-e89d-4480-bfc3-1da9eb0d941a",
              "isHook": false,
              "skipped": false
            },
            {
              "title": "should create multiple independent sessions",
              "fullTitle": "createSession() should create multiple independent sessions",
              "timedOut": false,
              "duration": 1,
              "state": "passed",
              "speed": "fast",
              "pass": true,
              "fail": false,
              "pending": false,
              "context": null,
              "code": "const r1 = createSession(sessions, \"Alice\");\nconst r2 = createSession(sessions, \"Bob\");\nexpect(r1.code).to.not.equal(r2.code);\nexpect(sessions.size).to.equal(2);",
              "err": {},
              "uuid": "aac30a98-2f64-4952-bb97-a903f35cdfff",
              "parentUUID": "4009b5c2-e89d-4480-bfc3-1da9eb0d941a",
              "isHook": false,
              "skipped": false
            }
          ],
          "suites": [],
          "passes": [
            "17bdb4fd-7161-4515-b410-b1016219cbdd",
            "048e4122-5728-418c-9519-f0d300b7e1b7",
            "4c157283-ae6b-4386-a2be-c641446d340a",
            "74f14783-81ac-4b87-a0c3-ad80844702c4",
            "44ee30f9-ab52-4156-851e-b5b00a524083",
            "a6022658-1994-48bd-8f6d-cf5aa574fcc5",
            "35f9af5b-ab98-4950-8d86-3e39e5e942b8",
            "90e9b10f-c2e2-40f5-b659-be5e3038a211",
            "04c2ee4f-0a9b-4b7a-8a2d-e74904138b64",
            "aac30a98-2f64-4952-bb97-a903f35cdfff"
          ],
          "failures": [],
          "pending": [],
          "skipped": [],
          "duration": 3,
          "root": false,
          "rootEmpty": false,
          "_timeout": 10000
        },
        {
          "uuid": "fc970c4d-71d2-4194-ac91-3e6bf2248519",
          "title": "joinSession()",
          "fullFile": "C:\\Users\\a\\OneDrive\\Desktop\\IT568__GENAI\\summarybot (1)\\summarybot\\unit_testing\\tests\\unit.test.js",
          "file": "\\tests\\unit.test.js",
          "beforeHooks": [
            {
              "title": "\"before each\" hook",
              "fullTitle": "joinSession() \"before each\" hook",
              "timedOut": false,
              "duration": 0,
              "state": null,
              "speed": null,
              "pass": false,
              "fail": false,
              "pending": false,
              "context": null,
              "code": "sessions = new Map();\nsessions.set(\"ABCDEF\", {\n  leader: \"Alice\",\n  members: new Set([\"Alice\"]),\n  createdAt: new Date(),\n});",
              "err": {},
              "uuid": "2ed6ee8e-7b5a-4adf-a730-ed144f12e6fb",
              "parentUUID": "fc970c4d-71d2-4194-ac91-3e6bf2248519",
              "isHook": true,
              "skipped": false
            }
          ],
          "afterHooks": [],
          "tests": [
            {
              "title": "should allow a valid user to join an existing session",
              "fullTitle": "joinSession() should allow a valid user to join an existing session",
              "timedOut": false,
              "duration": 0,
              "state": "passed",
              "speed": "fast",
              "pass": true,
              "fail": false,
              "pending": false,
              "context": null,
              "code": "const result = joinSession(sessions, \"Bob\", \"ABCDEF\");\nexpect(result).to.have.property(\"code\", \"ABCDEF\");\nexpect(result).to.have.property(\"leader\", \"Alice\");\nexpect(result.memberCount).to.equal(2);",
              "err": {},
              "uuid": "1e77cff4-a013-4bc4-b035-3dbab8a3bf6d",
              "parentUUID": "fc970c4d-71d2-4194-ac91-3e6bf2248519",
              "isHook": false,
              "skipped": false
            },
            {
              "title": "should add the new member to the session members set",
              "fullTitle": "joinSession() should add the new member to the session members set",
              "timedOut": false,
              "duration": 0,
              "state": "passed",
              "speed": "fast",
              "pass": true,
              "fail": false,
              "pending": false,
              "context": null,
              "code": "joinSession(sessions, \"Bob\", \"ABCDEF\");\nexpect(sessions.get(\"ABCDEF\").members.has(\"Bob\")).to.be.true;",
              "err": {},
              "uuid": "61f3a990-0f4b-4659-a03e-b83c0265ab17",
              "parentUUID": "fc970c4d-71d2-4194-ac91-3e6bf2248519",
              "isHook": false,
              "skipped": false
            },
            {
              "title": "should accept lowercase code and normalize to uppercase",
              "fullTitle": "joinSession() should accept lowercase code and normalize to uppercase",
              "timedOut": false,
              "duration": 1,
              "state": "passed",
              "speed": "fast",
              "pass": true,
              "fail": false,
              "pending": false,
              "context": null,
              "code": "const result = joinSession(sessions, \"Bob\", \"abcdef\");\nexpect(result).to.have.property(\"code\", \"ABCDEF\");",
              "err": {},
              "uuid": "b97fcaac-d0d7-40c2-b6ec-b42343735740",
              "parentUUID": "fc970c4d-71d2-4194-ac91-3e6bf2248519",
              "isHook": false,
              "skipped": false
            },
            {
              "title": "should reject joining with a non-existent code",
              "fullTitle": "joinSession() should reject joining with a non-existent code",
              "timedOut": false,
              "duration": 0,
              "state": "passed",
              "speed": "fast",
              "pass": true,
              "fail": false,
              "pending": false,
              "context": null,
              "code": "const result = joinSession(sessions, \"Bob\", \"ZZZZZZ\");\nexpect(result.status).to.equal(404);\nexpect(result.error).to.include(\"not found\");",
              "err": {},
              "uuid": "58db524b-514c-44fe-80b0-f6413df3b9c3",
              "parentUUID": "fc970c4d-71d2-4194-ac91-3e6bf2248519",
              "isHook": false,
              "skipped": false
            },
            {
              "title": "should reject duplicate username in same session",
              "fullTitle": "joinSession() should reject duplicate username in same session",
              "timedOut": false,
              "duration": 0,
              "state": "passed",
              "speed": "fast",
              "pass": true,
              "fail": false,
              "pending": false,
              "context": null,
              "code": "const result = joinSession(sessions, \"Alice\", \"ABCDEF\");\nexpect(result.status).to.equal(409);\nexpect(result.error).to.include(\"already taken\");",
              "err": {},
              "uuid": "6dc00704-5063-47a6-ae8a-4fd2847ca8bd",
              "parentUUID": "fc970c4d-71d2-4194-ac91-3e6bf2248519",
              "isHook": false,
              "skipped": false
            },
            {
              "title": "should reject username shorter than 2 characters",
              "fullTitle": "joinSession() should reject username shorter than 2 characters",
              "timedOut": false,
              "duration": 0,
              "state": "passed",
              "speed": "fast",
              "pass": true,
              "fail": false,
              "pending": false,
              "context": null,
              "code": "const result = joinSession(sessions, \"A\", \"ABCDEF\");\nexpect(result.status).to.equal(400);",
              "err": {},
              "uuid": "5cef1f02-49df-4393-9ef3-695463115884",
              "parentUUID": "fc970c4d-71d2-4194-ac91-3e6bf2248519",
              "isHook": false,
              "skipped": false
            },
            {
              "title": "should reject empty username",
              "fullTitle": "joinSession() should reject empty username",
              "timedOut": false,
              "duration": 0,
              "state": "passed",
              "speed": "fast",
              "pass": true,
              "fail": false,
              "pending": false,
              "context": null,
              "code": "const result = joinSession(sessions, \"\", \"ABCDEF\");\nexpect(result.status).to.equal(400);",
              "err": {},
              "uuid": "13b6a863-9883-46ea-a44b-7e8c66c2f63c",
              "parentUUID": "fc970c4d-71d2-4194-ac91-3e6bf2248519",
              "isHook": false,
              "skipped": false
            },
            {
              "title": "should reject empty code",
              "fullTitle": "joinSession() should reject empty code",
              "timedOut": false,
              "duration": 0,
              "state": "passed",
              "speed": "fast",
              "pass": true,
              "fail": false,
              "pending": false,
              "context": null,
              "code": "const result = joinSession(sessions, \"Bob\", \"\");\nexpect(result.status).to.equal(400);\nexpect(result.error).to.include(\"required\");",
              "err": {},
              "uuid": "5ca47e4f-919d-4aa3-8be7-6a3410d31534",
              "parentUUID": "fc970c4d-71d2-4194-ac91-3e6bf2248519",
              "isHook": false,
              "skipped": false
            },
            {
              "title": "should trim whitespace from username before checking",
              "fullTitle": "joinSession() should trim whitespace from username before checking",
              "timedOut": false,
              "duration": 0,
              "state": "passed",
              "speed": "fast",
              "pass": true,
              "fail": false,
              "pending": false,
              "context": null,
              "code": "const result = joinSession(sessions, \"  Bob  \", \"ABCDEF\");\nexpect(result.memberCount).to.equal(2);\nexpect(sessions.get(\"ABCDEF\").members.has(\"Bob\")).to.be.true;",
              "err": {},
              "uuid": "09f777f9-d8dd-4da4-b635-7cc7844e0060",
              "parentUUID": "fc970c4d-71d2-4194-ac91-3e6bf2248519",
              "isHook": false,
              "skipped": false
            },
            {
              "title": "should allow multiple different users to join",
              "fullTitle": "joinSession() should allow multiple different users to join",
              "timedOut": false,
              "duration": 0,
              "state": "passed",
              "speed": "fast",
              "pass": true,
              "fail": false,
              "pending": false,
              "context": null,
              "code": "joinSession(sessions, \"Bob\", \"ABCDEF\");\njoinSession(sessions, \"Charlie\", \"ABCDEF\");\nexpect(sessions.get(\"ABCDEF\").members.size).to.equal(3);",
              "err": {},
              "uuid": "6b9551f0-2aab-4cbf-801a-93223bd44690",
              "parentUUID": "fc970c4d-71d2-4194-ac91-3e6bf2248519",
              "isHook": false,
              "skipped": false
            }
          ],
          "suites": [],
          "passes": [
            "1e77cff4-a013-4bc4-b035-3dbab8a3bf6d",
            "61f3a990-0f4b-4659-a03e-b83c0265ab17",
            "b97fcaac-d0d7-40c2-b6ec-b42343735740",
            "58db524b-514c-44fe-80b0-f6413df3b9c3",
            "6dc00704-5063-47a6-ae8a-4fd2847ca8bd",
            "5cef1f02-49df-4393-9ef3-695463115884",
            "13b6a863-9883-46ea-a44b-7e8c66c2f63c",
            "5ca47e4f-919d-4aa3-8be7-6a3410d31534",
            "09f777f9-d8dd-4da4-b635-7cc7844e0060",
            "6b9551f0-2aab-4cbf-801a-93223bd44690"
          ],
          "failures": [],
          "pending": [],
          "skipped": [],
          "duration": 1,
          "root": false,
          "rootEmpty": false,
          "_timeout": 10000
        },
        {
          "uuid": "e4f2363e-d178-41d0-949f-2832a4b2b8ae",
          "title": "parseSummaryResponse()",
          "fullFile": "C:\\Users\\a\\OneDrive\\Desktop\\IT568__GENAI\\summarybot (1)\\summarybot\\unit_testing\\tests\\unit.test.js",
          "file": "\\tests\\unit.test.js",
          "beforeHooks": [],
          "afterHooks": [],
          "tests": [
            {
              "title": "should parse valid JSON with all fields",
              "fullTitle": "parseSummaryResponse() should parse valid JSON with all fields",
              "timedOut": false,
              "duration": 1,
              "state": "passed",
              "speed": "fast",
              "pass": true,
              "fail": false,
              "pending": false,
              "context": null,
              "code": "const raw = JSON.stringify({\n  title: \"Team Discussion\",\n  overview: \"The team discussed Q3 goals.\",\n  bullets: [\"Goal 1\", \"Goal 2\"],\n});\nconst result = parseSummaryResponse(raw);\nexpect(result.title).to.equal(\"Team Discussion\");\nexpect(result.overview).to.equal(\"The team discussed Q3 goals.\");\nexpect(result.bullets).to.deep.equal([\"Goal 1\", \"Goal 2\"]);",
              "err": {},
              "uuid": "c227cfa0-dd03-49fb-94f2-d89bded28afc",
              "parentUUID": "e4f2363e-d178-41d0-949f-2832a4b2b8ae",
              "isHook": false,
              "skipped": false
            },
            {
              "title": "should fallback to default title when title is missing",
              "fullTitle": "parseSummaryResponse() should fallback to default title when title is missing",
              "timedOut": false,
              "duration": 0,
              "state": "passed",
              "speed": "fast",
              "pass": true,
              "fail": false,
              "pending": false,
              "context": null,
              "code": "const raw = JSON.stringify({ overview: \"Some overview\", bullets: [] });\nconst result = parseSummaryResponse(raw);\nexpect(result.title).to.equal(\"Chat Summary\");",
              "err": {},
              "uuid": "2d65915c-b926-4d52-b63d-87b88e8d861b",
              "parentUUID": "e4f2363e-d178-41d0-949f-2832a4b2b8ae",
              "isHook": false,
              "skipped": false
            },
            {
              "title": "should fallback to empty string when overview is missing",
              "fullTitle": "parseSummaryResponse() should fallback to empty string when overview is missing",
              "timedOut": false,
              "duration": 0,
              "state": "passed",
              "speed": "fast",
              "pass": true,
              "fail": false,
              "pending": false,
              "context": null,
              "code": "const raw = JSON.stringify({ title: \"Test\", bullets: [] });\nconst result = parseSummaryResponse(raw);\nexpect(result.overview).to.equal(\"\");",
              "err": {},
              "uuid": "6948d66f-143e-4dea-9b11-34567d3f030a",
              "parentUUID": "e4f2363e-d178-41d0-949f-2832a4b2b8ae",
              "isHook": false,
              "skipped": false
            },
            {
              "title": "should fallback to empty array when bullets is not an array",
              "fullTitle": "parseSummaryResponse() should fallback to empty array when bullets is not an array",
              "timedOut": false,
              "duration": 1,
              "state": "passed",
              "speed": "fast",
              "pass": true,
              "fail": false,
              "pending": false,
              "context": null,
              "code": "const raw = JSON.stringify({ title: \"Test\", overview: \"Ov\", bullets: \"not an array\" });\nconst result = parseSummaryResponse(raw);\nexpect(result.bullets).to.deep.equal([]);",
              "err": {},
              "uuid": "301cd68f-dee5-47f7-b2a5-b745ac5905c5",
              "parentUUID": "e4f2363e-d178-41d0-949f-2832a4b2b8ae",
              "isHook": false,
              "skipped": false
            },
            {
              "title": "should fallback gracefully on invalid JSON",
              "fullTitle": "parseSummaryResponse() should fallback gracefully on invalid JSON",
              "timedOut": false,
              "duration": 0,
              "state": "passed",
              "speed": "fast",
              "pass": true,
              "fail": false,
              "pending": false,
              "context": null,
              "code": "const raw = \"this is not json {{}}\";\nconst result = parseSummaryResponse(raw);\nexpect(result.title).to.equal(\"Summary\");\nexpect(result.overview).to.equal(raw);\nexpect(result.bullets).to.deep.equal([]);",
              "err": {},
              "uuid": "5ec2316f-3e64-4792-b4d4-ec311fe4d668",
              "parentUUID": "e4f2363e-d178-41d0-949f-2832a4b2b8ae",
              "isHook": false,
              "skipped": false
            },
            {
              "title": "should handle empty JSON object {}",
              "fullTitle": "parseSummaryResponse() should handle empty JSON object {}",
              "timedOut": false,
              "duration": 0,
              "state": "passed",
              "speed": "fast",
              "pass": true,
              "fail": false,
              "pending": false,
              "context": null,
              "code": "const raw = \"{}\";\nconst result = parseSummaryResponse(raw);\nexpect(result.title).to.equal(\"Chat Summary\");\nexpect(result.overview).to.equal(\"\");\nexpect(result.bullets).to.deep.equal([]);",
              "err": {},
              "uuid": "bd87cd73-8116-481e-8f2a-7e532ce523c0",
              "parentUUID": "e4f2363e-d178-41d0-949f-2832a4b2b8ae",
              "isHook": false,
              "skipped": false
            },
            {
              "title": "should handle bullets with multiple items",
              "fullTitle": "parseSummaryResponse() should handle bullets with multiple items",
              "timedOut": false,
              "duration": 1,
              "state": "passed",
              "speed": "fast",
              "pass": true,
              "fail": false,
              "pending": false,
              "context": null,
              "code": "const raw = JSON.stringify({\n  title: \"T\",\n  overview: \"O\",\n  bullets: [\"a\", \"b\", \"c\", \"d\", \"e\"],\n});\nconst result = parseSummaryResponse(raw);\nexpect(result.bullets).to.have.lengthOf(5);",
              "err": {},
              "uuid": "77910fcf-e7c5-4ff1-ac40-e2dc9eb8ac35",
              "parentUUID": "e4f2363e-d178-41d0-949f-2832a4b2b8ae",
              "isHook": false,
              "skipped": false
            }
          ],
          "suites": [],
          "passes": [
            "c227cfa0-dd03-49fb-94f2-d89bded28afc",
            "2d65915c-b926-4d52-b63d-87b88e8d861b",
            "6948d66f-143e-4dea-9b11-34567d3f030a",
            "301cd68f-dee5-47f7-b2a5-b745ac5905c5",
            "5ec2316f-3e64-4792-b4d4-ec311fe4d668",
            "bd87cd73-8116-481e-8f2a-7e532ce523c0",
            "77910fcf-e7c5-4ff1-ac40-e2dc9eb8ac35"
          ],
          "failures": [],
          "pending": [],
          "skipped": [],
          "duration": 3,
          "root": false,
          "rootEmpty": false,
          "_timeout": 10000
        },
        {
          "uuid": "7dae0a65-15d7-4df2-9eaf-06fc17d6c9e2",
          "title": "Session memory management",
          "fullFile": "C:\\Users\\a\\OneDrive\\Desktop\\IT568__GENAI\\summarybot (1)\\summarybot\\unit_testing\\tests\\unit.test.js",
          "file": "\\tests\\unit.test.js",
          "beforeHooks": [
            {
              "title": "\"before each\" hook",
              "fullTitle": "Session memory management \"before each\" hook",
              "timedOut": false,
              "duration": 0,
              "state": null,
              "speed": null,
              "pass": false,
              "fail": false,
              "pending": false,
              "context": null,
              "code": "sessions = new Map();",
              "err": {},
              "uuid": "e9877d04-9fdd-41fd-9289-28b758b77779",
              "parentUUID": "7dae0a65-15d7-4df2-9eaf-06fc17d6c9e2",
              "isHook": true,
              "skipped": false
            }
          ],
          "afterHooks": [],
          "tests": [
            {
              "title": "should delete session from map on endSession",
              "fullTitle": "Session memory management should delete session from map on endSession",
              "timedOut": false,
              "duration": 0,
              "state": "passed",
              "speed": "fast",
              "pass": true,
              "fail": false,
              "pending": false,
              "context": null,
              "code": "sessions.set(\"ROOM01\", { leader: \"Alice\", members: new Set([\"Alice\"]) });\nsessions.delete(\"ROOM01\");\nexpect(sessions.has(\"ROOM01\")).to.be.false;",
              "err": {},
              "uuid": "4d757af7-0124-4693-826a-68faf8bada61",
              "parentUUID": "7dae0a65-15d7-4df2-9eaf-06fc17d6c9e2",
              "isHook": false,
              "skipped": false
            },
            {
              "title": "should remove member from set on disconnect",
              "fullTitle": "Session memory management should remove member from set on disconnect",
              "timedOut": false,
              "duration": 1,
              "state": "passed",
              "speed": "fast",
              "pass": true,
              "fail": false,
              "pending": false,
              "context": null,
              "code": "sessions.set(\"ROOM01\", { leader: \"Alice\", members: new Set([\"Alice\", \"Bob\"]) });\nsessions.get(\"ROOM01\").members.delete(\"Bob\");\nexpect(sessions.get(\"ROOM01\").members.has(\"Bob\")).to.be.false;\nexpect(sessions.get(\"ROOM01\").members.has(\"Alice\")).to.be.true;",
              "err": {},
              "uuid": "1b276f92-bb20-4807-928b-ff59429ba302",
              "parentUUID": "7dae0a65-15d7-4df2-9eaf-06fc17d6c9e2",
              "isHook": false,
              "skipped": false
            },
            {
              "title": "should allow username reuse after member disconnects",
              "fullTitle": "Session memory management should allow username reuse after member disconnects",
              "timedOut": false,
              "duration": 0,
              "state": "passed",
              "speed": "fast",
              "pass": true,
              "fail": false,
              "pending": false,
              "context": null,
              "code": "sessions.set(\"ROOM01\", { leader: \"Alice\", members: new Set([\"Alice\", \"Bob\"]) });\nsessions.get(\"ROOM01\").members.delete(\"Bob\");\n// Bob can rejoin now\nconst result = joinSession(sessions, \"Bob\", \"ROOM01\");\nexpect(result).to.have.property(\"code\", \"ROOM01\");",
              "err": {},
              "uuid": "bb0a172a-0ee1-4b9b-93c3-c8a59d644c52",
              "parentUUID": "7dae0a65-15d7-4df2-9eaf-06fc17d6c9e2",
              "isHook": false,
              "skipped": false
            },
            {
              "title": "should handle endSession on non-existent room gracefully",
              "fullTitle": "Session memory management should handle endSession on non-existent room gracefully",
              "timedOut": false,
              "duration": 0,
              "state": "passed",
              "speed": "fast",
              "pass": true,
              "fail": false,
              "pending": false,
              "context": null,
              "code": "expect(() => sessions.delete(\"NONEXISTENT\")).to.not.throw();\nexpect(sessions.has(\"NONEXISTENT\")).to.be.false;",
              "err": {},
              "uuid": "690d6454-05ca-4ace-884f-a3df074b520a",
              "parentUUID": "7dae0a65-15d7-4df2-9eaf-06fc17d6c9e2",
              "isHook": false,
              "skipped": false
            },
            {
              "title": "should correctly report member count after joins and leaves",
              "fullTitle": "Session memory management should correctly report member count after joins and leaves",
              "timedOut": false,
              "duration": 0,
              "state": "passed",
              "speed": "fast",
              "pass": true,
              "fail": false,
              "pending": false,
              "context": null,
              "code": "sessions.set(\"ROOM01\", { leader: \"Alice\", members: new Set([\"Alice\"]) });\njoinSession(sessions, \"Bob\", \"ROOM01\");\njoinSession(sessions, \"Charlie\", \"ROOM01\");\nexpect(sessions.get(\"ROOM01\").members.size).to.equal(3);\nsessions.get(\"ROOM01\").members.delete(\"Bob\");\nexpect(sessions.get(\"ROOM01\").members.size).to.equal(2);",
              "err": {},
              "uuid": "12db2873-5a38-4be4-a798-1666c9595683",
              "parentUUID": "7dae0a65-15d7-4df2-9eaf-06fc17d6c9e2",
              "isHook": false,
              "skipped": false
            }
          ],
          "suites": [],
          "passes": [
            "4d757af7-0124-4693-826a-68faf8bada61",
            "1b276f92-bb20-4807-928b-ff59429ba302",
            "bb0a172a-0ee1-4b9b-93c3-c8a59d644c52",
            "690d6454-05ca-4ace-884f-a3df074b520a",
            "12db2873-5a38-4be4-a798-1666c9595683"
          ],
          "failures": [],
          "pending": [],
          "skipped": [],
          "duration": 1,
          "root": false,
          "rootEmpty": false,
          "_timeout": 10000
        },
        {
          "uuid": "f6a7c1ac-278a-4cd4-9cbb-c92b71df83b8",
          "title": "Auto-summarize threshold logic",
          "fullFile": "C:\\Users\\a\\OneDrive\\Desktop\\IT568__GENAI\\summarybot (1)\\summarybot\\unit_testing\\tests\\unit.test.js",
          "file": "\\tests\\unit.test.js",
          "beforeHooks": [],
          "afterHooks": [],
          "tests": [
            {
              "title": "should trigger summary when count reaches threshold",
              "fullTitle": "Auto-summarize threshold logic should trigger summary when count reaches threshold",
              "timedOut": false,
              "duration": 0,
              "state": "passed",
              "speed": "fast",
              "pass": true,
              "fail": false,
              "pending": false,
              "context": null,
              "code": "const roomMsgCount = {};\nconst room = \"TESTROOM\";\nconst threshold = 5;\nfor (let i = 1; i <= 5; i++) {\n  roomMsgCount[room] = (roomMsgCount[room] || 0) + 1;\n}\nexpect(roomMsgCount[room]).to.be.at.least(threshold);",
              "err": {},
              "uuid": "d842092f-27cd-4004-b78d-f08c17eb12e6",
              "parentUUID": "f6a7c1ac-278a-4cd4-9cbb-c92b71df83b8",
              "isHook": false,
              "skipped": false
            },
            {
              "title": "should reset count to 0 after summary is triggered",
              "fullTitle": "Auto-summarize threshold logic should reset count to 0 after summary is triggered",
              "timedOut": false,
              "duration": 0,
              "state": "passed",
              "speed": "fast",
              "pass": true,
              "fail": false,
              "pending": false,
              "context": null,
              "code": "const roomMsgCount = { TESTROOM: 15 };\nroomMsgCount[\"TESTROOM\"] = 0;\nexpect(roomMsgCount[\"TESTROOM\"]).to.equal(0);",
              "err": {},
              "uuid": "0961d33a-09c4-453d-bd6d-77760cbd778e",
              "parentUUID": "f6a7c1ac-278a-4cd4-9cbb-c92b71df83b8",
              "isHook": false,
              "skipped": false
            },
            {
              "title": "should use default threshold of 15 when autoSummarizeAt is falsy",
              "fullTitle": "Auto-summarize threshold logic should use default threshold of 15 when autoSummarizeAt is falsy",
              "timedOut": false,
              "duration": 0,
              "state": "passed",
              "speed": "fast",
              "pass": true,
              "fail": false,
              "pending": false,
              "context": null,
              "code": "const autoSummarizeAt = undefined;\nconst threshold = autoSummarizeAt || 15;\nexpect(threshold).to.equal(15);",
              "err": {},
              "uuid": "721acc56-1fc2-45bd-adbc-eba42314855f",
              "parentUUID": "f6a7c1ac-278a-4cd4-9cbb-c92b71df83b8",
              "isHook": false,
              "skipped": false
            },
            {
              "title": "should use provided threshold when autoSummarizeAt is set",
              "fullTitle": "Auto-summarize threshold logic should use provided threshold when autoSummarizeAt is set",
              "timedOut": false,
              "duration": 0,
              "state": "passed",
              "speed": "fast",
              "pass": true,
              "fail": false,
              "pending": false,
              "context": null,
              "code": "const autoSummarizeAt = 5;\nconst threshold = autoSummarizeAt || 15;\nexpect(threshold).to.equal(5);",
              "err": {},
              "uuid": "10c2a8b2-5e82-4e59-ba5c-12b7a22000a0",
              "parentUUID": "f6a7c1ac-278a-4cd4-9cbb-c92b71df83b8",
              "isHook": false,
              "skipped": false
            },
            {
              "title": "should use 999 as effective threshold when auto-summarize is off (0)",
              "fullTitle": "Auto-summarize threshold logic should use 999 as effective threshold when auto-summarize is off (0)",
              "timedOut": false,
              "duration": 0,
              "state": "passed",
              "speed": "fast",
              "pass": true,
              "fail": false,
              "pending": false,
              "context": null,
              "code": "const autoAt = 0;\nconst effective = autoAt || 999;\nexpect(effective).to.equal(999);",
              "err": {},
              "uuid": "5e49714a-e13f-4bac-8acc-e305b9cbe1c6",
              "parentUUID": "f6a7c1ac-278a-4cd4-9cbb-c92b71df83b8",
              "isHook": false,
              "skipped": false
            }
          ],
          "suites": [],
          "passes": [
            "d842092f-27cd-4004-b78d-f08c17eb12e6",
            "0961d33a-09c4-453d-bd6d-77760cbd778e",
            "721acc56-1fc2-45bd-adbc-eba42314855f",
            "10c2a8b2-5e82-4e59-ba5c-12b7a22000a0",
            "5e49714a-e13f-4bac-8acc-e305b9cbe1c6"
          ],
          "failures": [],
          "pending": [],
          "skipped": [],
          "duration": 0,
          "root": false,
          "rootEmpty": false,
          "_timeout": 10000
        }
      ],
      "passes": [],
      "failures": [],
      "pending": [],
      "skipped": [],
      "duration": 0,
      "root": true,
      "rootEmpty": true,
      "_timeout": 10000
    }
  ],
  "meta": {
    "mocha": {
      "version": "7.2.0"
    },
    "mochawesome": {
      "options": {
        "quiet": false,
        "reportFilename": "mochawesome",
        "saveHtml": true,
        "saveJson": true,
        "consoleReporter": "spec",
        "useInlineDiffs": false,
        "code": true
      },
      "version": "7.1.4"
    },
    "marge": {
      "options": null,
      "version": "6.3.2"
    }
  }
}